# JRE version: OpenJDK Runtime Environment (17.0.6) (build 17.0.6+0-b2043.56-9586694)
# Java VM: OpenJDK 64-Bit Server VM (17.0.6+0-b2043.56-9586694, mixed mode, tiered, compressed oops, compressed class ptrs, g1 gc, windows-amd64)
GC Precious Log:
 CPUs: 8 total, 8 available
 Memory: 8050M
 Large Page Support: Disabled
 NUMA Support: Disabled
 Compressed Oops: Enabled (32-bit)
 Heap Region Size: 1M
 Heap Min Capacity: 8M
 Heap Initial Capacity: 126M
 Heap Max Capacity: 2G
 Pre-touch: Disabled
 Parallel Workers: 8
 Concurrent Workers: 2
 Concurrent Refinement Workers: 8
 Periodic GC: Disabled
Heap:
 garbage-first heap   total 130048K, used 74787K [0x0000000080000000, 0x0000000100000000)
  region size 1024K, 1 young (1024K), 1 survivors (1024K)
 Metaspace       used 82624K, committed 83200K, reserved 1122304K
  class space    used 11287K, committed 11584K, reserved 1048576K
GC Heap History (20 events):
Event: 17.886 GC heap after
{Heap after GC invocations=29 (full 0):
 garbage-first heap   total 129024K, used 55683K [0x0000000080000000, 0x0000000100000000)
  region size 1024K, 2 young (2048K), 2 survivors (2048K)
 Metaspace       used 62669K, committed 63232K, reserved 1105920K
  class space    used 8293K, committed 8576K, reserved 1048576K
}
Event: 18.953 GC heap before
{Heap before GC invocations=29 (full 0):
 garbage-first heap   total 129024K, used 85379K [0x0000000080000000, 0x0000000100000000)
  region size 1024K, 29 young (29696K), 2 survivors (2048K)
 Metaspace       used 65342K, committed 65920K, reserved 1114112K
  class space    used 8629K, committed 8896K, reserved 1048576K
}
Event: 18.959 GC heap after
{Heap after GC invocations=30 (full 0):
 garbage-first heap   total 129024K, used 54583K [0x0000000080000000, 0x0000000100000000)
  region size 1024K, 3 young (3072K), 3 survivors (3072K)
 Metaspace       used 65342K, committed 65920K, reserved 1114112K
  class space    used 8629K, committed 8896K, reserved 1048576K
}
Event: 19.717 GC heap before
{Heap before GC invocations=30 (full 0):
 garbage-first heap   total 129024K, used 85303K [0x0000000080000000, 0x0000000100000000)
  region size 1024K, 33 young (33792K), 3 survivors (3072K)
 Metaspace       used 67758K, committed 68288K, reserved 1114112K
  class space    used 8954K, committed 9216K, reserved 1048576K
}
Event: 19.723 GC heap after
{Heap after GC invocations=31 (full 0):
 garbage-first heap   total 129024K, used 57174K [0x0000000080000000, 0x0000000100000000)
  region size 1024K, 5 young (5120K), 5 survivors (5120K)
 Metaspace       used 67758K, committed 68288K, reserved 1114112K
  class space    used 8954K, committed 9216K, reserved 1048576K
}
Event: 20.243 GC heap before
{Heap before GC invocations=31 (full 0):
 garbage-first heap   total 129024K, used 88918K [0x0000000080000000, 0x0000000100000000)
  region size 1024K, 36 young (36864K), 5 survivors (5120K)
 Metaspace       used 68172K, committed 68672K, reserved 1114112K
  class space    used 9005K, committed 9280K, reserved 1048576K
}
Event: 20.253 GC heap after
{Heap after GC invocations=32 (full 0):
 garbage-first heap   total 129024K, used 59669K [0x0000000080000000, 0x0000000100000000)
  region size 1024K, 5 young (5120K), 5 survivors (5120K)
 Metaspace       used 68172K, committed 68672K, reserved 1114112K
  class space    used 9005K, committed 9280K, reserved 1048576K
}
Event: 21.461 GC heap before
{Heap before GC invocations=32 (full 0):
 garbage-first heap   total 129024K, used 92437K [0x0000000080000000, 0x0000000100000000)
  region size 1024K, 37 young (37888K), 5 survivors (5120K)
 Metaspace       used 72365K, committed 72896K, reserved 1114112K
  class space    used 9802K, committed 10048K, reserved 1048576K
}
Event: 21.468 GC heap after
{Heap after GC invocations=33 (full 0):
 garbage-first heap   total 129024K, used 61837K [0x0000000080000000, 0x0000000100000000)
  region size 1024K, 5 young (5120K), 5 survivors (5120K)
 Metaspace       used 72365K, committed 72896K, reserved 1114112K
  class space    used 9802K, committed 10048K, reserved 1048576K
}
Event: 22.453 GC heap before
{Heap before GC invocations=33 (full 0):
 garbage-first heap   total 129024K, used 95629K [0x0000000080000000, 0x0000000100000000)
  region size 1024K, 38 young (38912K), 5 survivors (5120K)
 Metaspace       used 75560K, committed 76160K, reserved 1122304K
  class space    used 10233K, committed 10496K, reserved 1048576K
}
Event: 22.463 GC heap after
{Heap after GC invocations=34 (full 0):
 garbage-first heap   total 129024K, used 64644K [0x0000000080000000, 0x0000000100000000)
  region size 1024K, 5 young (5120K), 5 survivors (5120K)
 Metaspace       used 75560K, committed 76160K, reserved 1122304K
  class space    used 10233K, committed 10496K, reserved 1048576K
}
Event: 23.753 GC heap before
{Heap before GC invocations=35 (full 0):
 garbage-first heap   total 129024K, used 97412K [0x0000000080000000, 0x0000000100000000)
  region size 1024K, 38 young (38912K), 5 survivors (5120K)
 Metaspace       used 80283K, committed 80832K, reserved 1122304K
  class space    used 10924K, committed 11200K, reserved 1048576K
}
Event: 23.765 GC heap after
{Heap after GC invocations=36 (full 0):
 garbage-first heap   total 129024K, used 65879K [0x0000000080000000, 0x0000000100000000)
  region size 1024K, 3 young (3072K), 3 survivors (3072K)
 Metaspace       used 80283K, committed 80832K, reserved 1122304K
  class space    used 10924K, committed 11200K, reserved 1048576K
}
Event: 23.850 GC heap before
{Heap before GC invocations=36 (full 0):
 garbage-first heap   total 129024K, used 68951K [0x0000000080000000, 0x0000000100000000)
  region size 1024K, 6 young (6144K), 3 survivors (3072K)
 Metaspace       used 80503K, committed 81088K, reserved 1122304K
  class space    used 10948K, committed 11200K, reserved 1048576K
}
Event: 23.857 GC heap after
{Heap after GC invocations=37 (full 0):
 garbage-first heap   total 129024K, used 66131K [0x0000000080000000, 0x0000000100000000)
  region size 1024K, 1 young (1024K), 1 survivors (1024K)
 Metaspace       used 80503K, committed 81088K, reserved 1122304K
  class space    used 10948K, committed 11200K, reserved 1048576K
}
Event: 24.645 GC heap before
{Heap before GC invocations=37 (full 0):
 garbage-first heap   total 129024K, used 99923K [0x0000000080000000, 0x0000000100000000)
  region size 1024K, 34 young (34816K), 1 survivors (1024K)
 Metaspace       used 81854K, committed 82432K, reserved 1122304K
  class space    used 11136K, committed 11392K, reserved 1048576K
}
Event: 24.652 GC heap after
{Heap after GC invocations=38 (full 0):
 garbage-first heap   total 129024K, used 69841K [0x0000000080000000, 0x0000000100000000)
  region size 1024K, 5 young (5120K), 5 survivors (5120K)
 Metaspace       used 81854K, committed 82432K, reserved 1122304K
  class space    used 11136K, committed 11392K, reserved 1048576K
}
Event: 25.387 GC heap before
{Heap before GC invocations=39 (full 0):
 garbage-first heap   total 130048K, used 101585K [0x0000000080000000, 0x0000000100000000)
  region size 1024K, 36 young (36864K), 5 survivors (5120K)
 Metaspace       used 82476K, committed 83008K, reserved 1122304K
  class space    used 11261K, committed 11520K, reserved 1048576K
}
Event: 25.402 GC heap after
{Heap after GC invocations=40 (full 0):
 garbage-first heap   total 130048K, used 74768K [0x0000000080000000, 0x0000000100000000)
  region size 1024K, 5 young (5120K), 5 survivors (5120K)
 Metaspace       used 82476K, committed 83008K, reserved 1122304K
  class space    used 11261K, committed 11520K, reserved 1048576K
}
Event: 25.476 GC heap before
{Heap before GC invocations=40 (full 0):
 garbage-first heap   total 130048K, used 75792K [0x0000000080000000, 0x0000000100000000)
  region size 1024K, 6 young (6144K), 5 survivors (5120K)
 Metaspace       used 82624K, committed 83200K, reserved 1122304K
  class space    used 11287K, committed 11584K, reserved 1048576K
}

