# JRE version: OpenJDK Runtime Environment (17.0.6) (build 17.0.6+0-b2043.56-9586694)
# Java VM: OpenJDK 64-Bit Server VM (17.0.6+0-b2043.56-9586694, mixed mode, tiered, compressed oops, compressed class ptrs, g1 gc, windows-amd64)
GC Precious Log:
 CPUs: 8 total, 8 available
 Memory: 8050M
 Large Page Support: Disabled
 NUMA Support: Disabled
 Compressed Oops: Enabled (32-bit)
 Heap Region Size: 1M
 Heap Min Capacity: 8M
 Heap Initial Capacity: 126M
 Heap Max Capacity: 2G
 Pre-touch: Disabled
 Parallel Workers: 8
 Concurrent Workers: 2
 Concurrent Refinement Workers: 8
 Periodic GC: Disabled
Heap:
 garbage-first heap   total 153600K, used 91844K [0x0000000080000000, 0x0000000100000000)
  region size 1024K, 4 young (4096K), 3 survivors (3072K)
 Metaspace       used 48062K, committed 48512K, reserved 1097728K
  class space    used 6264K, committed 6464K, reserved 1048576K
GC Heap History (20 events):
Event: 10.013 GC heap before
{Heap before GC invocations=13 (full 0):
 garbage-first heap   total 96256K, used 74803K [0x0000000080000000, 0x0000000100000000)
  region size 1024K, 22 young (22528K), 1 survivors (1024K)
 Metaspace       used 32407K, committed 32832K, reserved 1081344K
  class space    used 4463K, committed 4672K, reserved 1048576K
}
Event: 10.017 GC heap after
{Heap after GC invocations=14 (full 0):
 garbage-first heap   total 96256K, used 56276K [0x0000000080000000, 0x0000000100000000)
  region size 1024K, 3 young (3072K), 3 survivors (3072K)
 Metaspace       used 32407K, committed 32832K, reserved 1081344K
  class space    used 4463K, committed 4672K, reserved 1048576K
}
Event: 11.041 GC heap before
{Heap before GC invocations=14 (full 0):
 garbage-first heap   total 96256K, used 76756K [0x0000000080000000, 0x0000000100000000)
  region size 1024K, 23 young (23552K), 3 survivors (3072K)
 Metaspace       used 35729K, committed 36096K, reserved 1081344K
  class space    used 4961K, committed 5120K, reserved 1048576K
}
Event: 11.045 GC heap after
{Heap after GC invocations=15 (full 0):
 garbage-first heap   total 96256K, used 57492K [0x0000000080000000, 0x0000000100000000)
  region size 1024K, 1 young (1024K), 1 survivors (1024K)
 Metaspace       used 35729K, committed 36096K, reserved 1081344K
  class space    used 4961K, committed 5120K, reserved 1048576K
}
Event: 11.978 GC heap before
{Heap before GC invocations=16 (full 0):
 garbage-first heap   total 99328K, used 76948K [0x0000000080000000, 0x0000000100000000)
  region size 1024K, 21 young (21504K), 1 survivors (1024K)
 Metaspace       used 41463K, committed 41856K, reserved 1089536K
  class space    used 5546K, committed 5760K, reserved 1048576K
}
Event: 11.985 GC heap after
{Heap after GC invocations=17 (full 0):
 garbage-first heap   total 99328K, used 61114K [0x0000000080000000, 0x0000000100000000)
  region size 1024K, 3 young (3072K), 3 survivors (3072K)
 Metaspace       used 41463K, committed 41856K, reserved 1089536K
  class space    used 5546K, committed 5760K, reserved 1048576K
}
Event: 12.253 GC heap before
{Heap before GC invocations=17 (full 0):
 garbage-first heap   total 99328K, used 80570K [0x0000000080000000, 0x0000000100000000)
  region size 1024K, 22 young (22528K), 3 survivors (3072K)
 Metaspace       used 41940K, committed 42304K, reserved 1089536K
  class space    used 5590K, committed 5760K, reserved 1048576K
}
Event: 12.261 GC heap after
{Heap after GC invocations=18 (full 0):
 garbage-first heap   total 99328K, used 62968K [0x0000000080000000, 0x0000000100000000)
  region size 1024K, 2 young (2048K), 2 survivors (2048K)
 Metaspace       used 41940K, committed 42304K, reserved 1089536K
  class space    used 5590K, committed 5760K, reserved 1048576K
}
Event: 12.353 GC heap before
{Heap before GC invocations=19 (full 0):
 garbage-first heap   total 109568K, used 65016K [0x0000000080000000, 0x0000000100000000)
  region size 1024K, 6 young (6144K), 2 survivors (2048K)
 Metaspace       used 42146K, committed 42560K, reserved 1089536K
  class space    used 5607K, committed 5824K, reserved 1048576K
}
Event: 12.356 GC heap after
{Heap after GC invocations=20 (full 0):
 garbage-first heap   total 109568K, used 64084K [0x0000000080000000, 0x0000000100000000)
  region size 1024K, 2 young (2048K), 2 survivors (2048K)
 Metaspace       used 42146K, committed 42560K, reserved 1089536K
  class space    used 5607K, committed 5824K, reserved 1048576K
}
Event: 13.347 GC heap before
{Heap before GC invocations=21 (full 0):
 garbage-first heap   total 117760K, used 88660K [0x0000000080000000, 0x0000000100000000)
  region size 1024K, 23 young (23552K), 2 survivors (2048K)
 Metaspace       used 45763K, committed 46144K, reserved 1089536K
  class space    used 6041K, committed 6208K, reserved 1048576K
}
Event: 13.353 GC heap after
{Heap after GC invocations=22 (full 0):
 garbage-first heap   total 141312K, used 64968K [0x0000000080000000, 0x0000000100000000)
  region size 1024K, 2 young (2048K), 2 survivors (2048K)
 Metaspace       used 45763K, committed 46144K, reserved 1089536K
  class space    used 6041K, committed 6208K, reserved 1048576K
}
Event: 13.795 GC heap before
{Heap before GC invocations=22 (full 0):
 garbage-first heap   total 141312K, used 74184K [0x0000000080000000, 0x0000000100000000)
  region size 1024K, 13 young (13312K), 2 survivors (2048K)
 Metaspace       used 46590K, committed 47040K, reserved 1089536K
  class space    used 6175K, committed 6400K, reserved 1048576K
}
Event: 13.801 GC heap after
{Heap after GC invocations=23 (full 0):
 garbage-first heap   total 141312K, used 66661K [0x0000000080000000, 0x0000000100000000)
  region size 1024K, 4 young (4096K), 4 survivors (4096K)
 Metaspace       used 46590K, committed 47040K, reserved 1089536K
  class space    used 6175K, committed 6400K, reserved 1048576K
}
Event: 13.985 GC heap before
{Heap before GC invocations=24 (full 0):
 garbage-first heap   total 141312K, used 77925K [0x0000000080000000, 0x0000000100000000)
  region size 1024K, 5 young (5120K), 4 survivors (4096K)
 Metaspace       used 46590K, committed 47040K, reserved 1089536K
  class space    used 6175K, committed 6400K, reserved 1048576K
}
Event: 13.990 GC heap after
{Heap after GC invocations=25 (full 0):
 garbage-first heap   total 141312K, used 78156K [0x0000000080000000, 0x0000000100000000)
  region size 1024K, 2 young (2048K), 2 survivors (2048K)
 Metaspace       used 46590K, committed 47040K, reserved 1089536K
  class space    used 6175K, committed 6400K, reserved 1048576K
}
Event: 14.076 GC heap before
{Heap before GC invocations=26 (full 0):
 garbage-first heap   total 143360K, used 83276K [0x0000000080000000, 0x0000000100000000)
  region size 1024K, 3 young (3072K), 2 survivors (2048K)
 Metaspace       used 46590K, committed 47040K, reserved 1089536K
  class space    used 6175K, committed 6400K, reserved 1048576K
}
Event: 14.079 GC heap after
{Heap after GC invocations=27 (full 0):
 garbage-first heap   total 143360K, used 83640K [0x0000000080000000, 0x0000000100000000)
  region size 1024K, 3 young (3072K), 3 survivors (3072K)
 Metaspace       used 46590K, committed 47040K, reserved 1089536K
  class space    used 6175K, committed 6400K, reserved 1048576K
}
Event: 14.461 GC heap before
{Heap before GC invocations=28 (full 0):
 garbage-first heap   total 153600K, used 97976K [0x0000000080000000, 0x0000000100000000)
  region size 1024K, 14 young (14336K), 3 survivors (3072K)
 Metaspace       used 47304K, committed 47744K, reserved 1097728K
  class space    used 6259K, committed 6464K, reserved 1048576K
}
Event: 14.465 GC heap after
{Heap after GC invocations=29 (full 0):
 garbage-first heap   total 153600K, used 90820K [0x0000000080000000, 0x0000000100000000)
  region size 1024K, 3 young (3072K), 3 survivors (3072K)
 Metaspace       used 47304K, committed 47744K, reserved 1097728K
  class space    used 6259K, committed 6464K, reserved 1048576K
}

