# JRE version: OpenJDK Runtime Environment (17.0.6) (build 17.0.6+0-b2043.56-9586694)
# Java VM: OpenJDK 64-Bit Server VM (17.0.6+0-b2043.56-9586694, mixed mode, tiered, compressed oops, compressed class ptrs, g1 gc, windows-amd64)
GC Precious Log:
 CPUs: 8 total, 8 available
 Memory: 8050M
 Large Page Support: Disabled
 NUMA Support: Disabled
 Compressed Oops: Enabled (32-bit)
 Heap Region Size: 1M
 Heap Min Capacity: 8M
 Heap Initial Capacity: 126M
 Heap Max Capacity: 2G
 Pre-touch: Disabled
 Parallel Workers: 8
 Concurrent Workers: 2
 Concurrent Refinement Workers: 8
 Periodic GC: Disabled
Heap:
 garbage-first heap   total 129024K, used 57139K [0x0000000080000000, 0x0000000100000000)
  region size 1024K, 3 young (3072K), 3 survivors (3072K)
 Metaspace       used 68940K, committed 69504K, reserved 1114112K
  class space    used 9097K, committed 9344K, reserved 1048576K
GC Heap History (20 events):
Event: 15.831 GC heap after
{Heap after GC invocations=16 (full 0):
 garbage-first heap   total 87040K, used 43008K [0x0000000080000000, 0x0000000100000000)
  region size 1024K, 5 young (5120K), 5 survivors (5120K)
 Metaspace       used 51666K, committed 52032K, reserved 1097728K
  class space    used 6802K, committed 6976K, reserved 1048576K
}
Event: 16.882 GC heap before
{Heap before GC invocations=16 (full 0):
 garbage-first heap   total 87040K, used 67584K [0x0000000080000000, 0x0000000100000000)
  region size 1024K, 28 young (28672K), 5 survivors (5120K)
 Metaspace       used 54007K, committed 54528K, reserved 1097728K
  class space    used 7132K, committed 7360K, reserved 1048576K
}
Event: 16.889 GC heap after
{Heap after GC invocations=17 (full 0):
 garbage-first heap   total 87040K, used 46264K [0x0000000080000000, 0x0000000100000000)
  region size 1024K, 4 young (4096K), 4 survivors (4096K)
 Metaspace       used 54007K, committed 54528K, reserved 1097728K
  class space    used 7132K, committed 7360K, reserved 1048576K
}
Event: 17.831 GC heap before
{Heap before GC invocations=17 (full 0):
 garbage-first heap   total 87040K, used 66744K [0x0000000080000000, 0x0000000100000000)
  region size 1024K, 24 young (24576K), 4 survivors (4096K)
 Metaspace       used 57208K, committed 57664K, reserved 1105920K
  class space    used 7536K, committed 7744K, reserved 1048576K
}
Event: 17.837 GC heap after
{Heap after GC invocations=18 (full 0):
 garbage-first heap   total 87040K, used 47241K [0x0000000080000000, 0x0000000100000000)
  region size 1024K, 1 young (1024K), 1 survivors (1024K)
 Metaspace       used 57208K, committed 57664K, reserved 1105920K
  class space    used 7536K, committed 7744K, reserved 1048576K
}
Event: 18.870 GC heap before
{Heap before GC invocations=19 (full 0):
 garbage-first heap   total 87040K, used 68745K [0x0000000080000000, 0x0000000100000000)
  region size 1024K, 22 young (22528K), 1 survivors (1024K)
 Metaspace       used 60895K, committed 61376K, reserved 1105920K
  class space    used 8072K, committed 8256K, reserved 1048576K
}
Event: 18.875 GC heap after
{Heap after GC invocations=20 (full 0):
 garbage-first heap   total 87040K, used 48406K [0x0000000080000000, 0x0000000100000000)
  region size 1024K, 2 young (2048K), 2 survivors (2048K)
 Metaspace       used 60895K, committed 61376K, reserved 1105920K
  class space    used 8072K, committed 8256K, reserved 1048576K
}
Event: 19.230 GC heap before
{Heap before GC invocations=20 (full 0):
 garbage-first heap   total 87040K, used 56598K [0x0000000080000000, 0x0000000100000000)
  region size 1024K, 11 young (11264K), 2 survivors (2048K)
 Metaspace       used 62741K, committed 63296K, reserved 1105920K
  class space    used 8291K, committed 8512K, reserved 1048576K
}
Event: 19.234 GC heap after
{Heap after GC invocations=21 (full 0):
 garbage-first heap   total 87040K, used 49769K [0x0000000080000000, 0x0000000100000000)
  region size 1024K, 3 young (3072K), 3 survivors (3072K)
 Metaspace       used 62741K, committed 63296K, reserved 1105920K
  class space    used 8291K, committed 8512K, reserved 1048576K
}
Event: 19.782 GC heap before
{Heap before GC invocations=22 (full 0):
 garbage-first heap   total 106496K, used 74345K [0x0000000080000000, 0x0000000100000000)
  region size 1024K, 21 young (21504K), 3 survivors (3072K)
 Metaspace       used 63736K, committed 64256K, reserved 1105920K
  class space    used 8422K, committed 8640K, reserved 1048576K
}
Event: 19.789 GC heap after
{Heap after GC invocations=23 (full 0):
 garbage-first heap   total 106496K, used 51507K [0x0000000080000000, 0x0000000100000000)
  region size 1024K, 3 young (3072K), 3 survivors (3072K)
 Metaspace       used 63736K, committed 64256K, reserved 1105920K
  class space    used 8422K, committed 8640K, reserved 1048576K
}
Event: 19.866 GC heap before
{Heap before GC invocations=23 (full 0):
 garbage-first heap   total 106496K, used 52531K [0x0000000080000000, 0x0000000100000000)
  region size 1024K, 5 young (5120K), 3 survivors (3072K)
 Metaspace       used 64006K, committed 64512K, reserved 1105920K
  class space    used 8451K, committed 8640K, reserved 1048576K
}
Event: 19.870 GC heap after
{Heap after GC invocations=24 (full 0):
 garbage-first heap   total 106496K, used 51495K [0x0000000080000000, 0x0000000100000000)
  region size 1024K, 1 young (1024K), 1 survivors (1024K)
 Metaspace       used 64006K, committed 64512K, reserved 1105920K
  class space    used 8451K, committed 8640K, reserved 1048576K
}
Event: 20.613 GC heap before
{Heap before GC invocations=24 (full 0):
 garbage-first heap   total 106496K, used 79143K [0x0000000080000000, 0x0000000100000000)
  region size 1024K, 28 young (28672K), 1 survivors (1024K)
 Metaspace       used 66440K, committed 67008K, reserved 1114112K
  class space    used 8767K, committed 9024K, reserved 1048576K
}
Event: 20.617 GC heap after
{Heap after GC invocations=25 (full 0):
 garbage-first heap   total 106496K, used 53271K [0x0000000080000000, 0x0000000100000000)
  region size 1024K, 3 young (3072K), 3 survivors (3072K)
 Metaspace       used 66440K, committed 67008K, reserved 1114112K
  class space    used 8767K, committed 9024K, reserved 1048576K
}
Event: 21.306 GC heap before
{Heap before GC invocations=26 (full 0):
 garbage-first heap   total 106496K, used 80919K [0x0000000080000000, 0x0000000100000000)
  region size 1024K, 30 young (30720K), 3 survivors (3072K)
 Metaspace       used 67825K, committed 68416K, reserved 1114112K
  class space    used 8952K, committed 9216K, reserved 1048576K
}
Event: 21.313 GC heap after
{Heap after GC invocations=27 (full 0):
 garbage-first heap   total 106496K, used 55216K [0x0000000080000000, 0x0000000100000000)
  region size 1024K, 4 young (4096K), 4 survivors (4096K)
 Metaspace       used 67825K, committed 68416K, reserved 1114112K
  class space    used 8952K, committed 9216K, reserved 1048576K
}
Event: 21.325 GC heap before
{Heap before GC invocations=27 (full 0):
 garbage-first heap   total 106496K, used 56240K [0x0000000080000000, 0x0000000100000000)
  region size 1024K, 5 young (5120K), 4 survivors (4096K)
 Metaspace       used 67825K, committed 68416K, reserved 1114112K
  class space    used 8952K, committed 9216K, reserved 1048576K
}
Event: 21.332 GC heap after
{Heap after GC invocations=28 (full 0):
 garbage-first heap   total 106496K, used 54887K [0x0000000080000000, 0x0000000100000000)
  region size 1024K, 1 young (1024K), 1 survivors (1024K)
 Metaspace       used 67825K, committed 68416K, reserved 1114112K
  class space    used 8952K, committed 9216K, reserved 1048576K
}
Event: 21.906 GC heap before
{Heap before GC invocations=28 (full 0):
 garbage-first heap   total 106496K, used 82535K [0x0000000080000000, 0x0000000100000000)
  region size 1024K, 28 young (28672K), 1 survivors (1024K)
 Metaspace       used 68940K, committed 69504K, reserved 1114112K
  class space    used 9097K, committed 9344K, reserved 1048576K
}

