# JRE version: OpenJDK Runtime Environment (17.0.6) (build 17.0.6+0-b2043.56-9586694)
# Java VM: OpenJDK 64-Bit Server VM (17.0.6+0-b2043.56-9586694, mixed mode, tiered, compressed oops, compressed class ptrs, g1 gc, windows-amd64)
GC Precious Log:
 CPUs: 8 total, 8 available
 Memory: 8050M
 Large Page Support: Disabled
 NUMA Support: Disabled
 Compressed Oops: Enabled (32-bit)
 Heap Region Size: 1M
 Heap Min Capacity: 8M
 Heap Initial Capacity: 126M
 Heap Max Capacity: 2G
 Pre-touch: Disabled
 Parallel Workers: 8
 Concurrent Workers: 2
 Concurrent Refinement Workers: 8
 Periodic GC: Disabled
Heap:
 garbage-first heap   total 106496K, used 59319K [0x0000000080000000, 0x0000000100000000)
  region size 1024K, 3 young (3072K), 2 survivors (2048K)
 Metaspace       used 72532K, committed 73088K, reserved 1114112K
  class space    used 9818K, committed 10112K, reserved 1048576K
GC Heap History (20 events):
Event: 17.512 GC heap before
{Heap before GC invocations=19 (full 0):
 garbage-first heap   total 82944K, used 62926K [0x0000000080000000, 0x0000000100000000)
  region size 1024K, 22 young (22528K), 5 survivors (5120K)
 Metaspace       used 54383K, committed 54848K, reserved 1097728K
  class space    used 7191K, committed 7360K, reserved 1048576K
}
Event: 17.519 GC heap after
{Heap after GC invocations=20 (full 0):
 garbage-first heap   total 82944K, used 46716K [0x0000000080000000, 0x0000000100000000)
  region size 1024K, 2 young (2048K), 2 survivors (2048K)
 Metaspace       used 54383K, committed 54848K, reserved 1097728K
  class space    used 7191K, committed 7360K, reserved 1048576K
}
Event: 18.156 GC heap before
{Heap before GC invocations=21 (full 0):
 garbage-first heap   total 83968K, used 64124K [0x0000000080000000, 0x0000000100000000)
  region size 1024K, 19 young (19456K), 2 survivors (2048K)
 Metaspace       used 57092K, committed 57600K, reserved 1105920K
  class space    used 7532K, committed 7744K, reserved 1048576K
}
Event: 18.160 GC heap after
{Heap after GC invocations=22 (full 0):
 garbage-first heap   total 83968K, used 47176K [0x0000000080000000, 0x0000000100000000)
  region size 1024K, 2 young (2048K), 2 survivors (2048K)
 Metaspace       used 57092K, committed 57600K, reserved 1105920K
  class space    used 7532K, committed 7744K, reserved 1048576K
}
Event: 18.956 GC heap before
{Heap before GC invocations=22 (full 0):
 garbage-first heap   total 83968K, used 64584K [0x0000000080000000, 0x0000000100000000)
  region size 1024K, 20 young (20480K), 2 survivors (2048K)
 Metaspace       used 60610K, committed 61120K, reserved 1105920K
  class space    used 8021K, committed 8256K, reserved 1048576K
}
Event: 18.961 GC heap after
{Heap after GC invocations=23 (full 0):
 garbage-first heap   total 83968K, used 48130K [0x0000000080000000, 0x0000000100000000)
  region size 1024K, 3 young (3072K), 3 survivors (3072K)
 Metaspace       used 60610K, committed 61120K, reserved 1105920K
  class space    used 8021K, committed 8256K, reserved 1048576K
}
Event: 19.396 GC heap before
{Heap before GC invocations=24 (full 0):
 garbage-first heap   total 86016K, used 58370K [0x0000000080000000, 0x0000000100000000)
  region size 1024K, 15 young (15360K), 3 survivors (3072K)
 Metaspace       used 62784K, committed 63296K, reserved 1105920K
  class space    used 8299K, committed 8512K, reserved 1048576K
}
Event: 19.403 GC heap after
{Heap after GC invocations=25 (full 0):
 garbage-first heap   total 86016K, used 49639K [0x0000000080000000, 0x0000000100000000)
  region size 1024K, 3 young (3072K), 3 survivors (3072K)
 Metaspace       used 62784K, committed 63296K, reserved 1105920K
  class space    used 8299K, committed 8512K, reserved 1048576K
}
Event: 19.516 GC heap before
{Heap before GC invocations=26 (full 0):
 garbage-first heap   total 106496K, used 61927K [0x0000000080000000, 0x0000000100000000)
  region size 1024K, 12 young (12288K), 3 survivors (3072K)
 Metaspace       used 62790K, committed 63296K, reserved 1105920K
  class space    used 8299K, committed 8512K, reserved 1048576K
}
Event: 19.522 GC heap after
{Heap after GC invocations=27 (full 0):
 garbage-first heap   total 106496K, used 55536K [0x0000000080000000, 0x0000000100000000)
  region size 1024K, 3 young (3072K), 3 survivors (3072K)
 Metaspace       used 62790K, committed 63296K, reserved 1105920K
  class space    used 8299K, committed 8512K, reserved 1048576K
}
Event: 20.224 GC heap before
{Heap before GC invocations=28 (full 0):
 garbage-first heap   total 106496K, used 80112K [0x0000000080000000, 0x0000000100000000)
  region size 1024K, 25 young (25600K), 3 survivors (3072K)
 Metaspace       used 65058K, committed 65536K, reserved 1105920K
  class space    used 8586K, committed 8768K, reserved 1048576K
}
Event: 20.229 GC heap after
{Heap after GC invocations=29 (full 0):
 garbage-first heap   total 106496K, used 52741K [0x0000000080000000, 0x0000000100000000)
  region size 1024K, 2 young (2048K), 2 survivors (2048K)
 Metaspace       used 65058K, committed 65536K, reserved 1105920K
  class space    used 8586K, committed 8768K, reserved 1048576K
}
Event: 20.764 GC heap before
{Heap before GC invocations=29 (full 0):
 garbage-first heap   total 106496K, used 73221K [0x0000000080000000, 0x0000000100000000)
  region size 1024K, 23 young (23552K), 2 survivors (2048K)
 Metaspace       used 66947K, committed 67520K, reserved 1114112K
  class space    used 8807K, committed 9088K, reserved 1048576K
}
Event: 20.771 GC heap after
{Heap after GC invocations=30 (full 0):
 garbage-first heap   total 106496K, used 54494K [0x0000000080000000, 0x0000000100000000)
  region size 1024K, 4 young (4096K), 4 survivors (4096K)
 Metaspace       used 66947K, committed 67520K, reserved 1114112K
  class space    used 8807K, committed 9088K, reserved 1048576K
}
Event: 21.856 GC heap before
{Heap before GC invocations=31 (full 0):
 garbage-first heap   total 106496K, used 80094K [0x0000000080000000, 0x0000000100000000)
  region size 1024K, 29 young (29696K), 4 survivors (4096K)
 Metaspace       used 67860K, committed 68416K, reserved 1114112K
  class space    used 8956K, committed 9216K, reserved 1048576K
}
Event: 21.862 GC heap after
{Heap after GC invocations=32 (full 0):
 garbage-first heap   total 106496K, used 55953K [0x0000000080000000, 0x0000000100000000)
  region size 1024K, 4 young (4096K), 4 survivors (4096K)
 Metaspace       used 67860K, committed 68416K, reserved 1114112K
  class space    used 8956K, committed 9216K, reserved 1048576K
}
Event: 21.876 GC heap before
{Heap before GC invocations=32 (full 0):
 garbage-first heap   total 106496K, used 56977K [0x0000000080000000, 0x0000000100000000)
  region size 1024K, 5 young (5120K), 4 survivors (4096K)
 Metaspace       used 67862K, committed 68416K, reserved 1114112K
  class space    used 8957K, committed 9216K, reserved 1048576K
}
Event: 21.881 GC heap after
{Heap after GC invocations=33 (full 0):
 garbage-first heap   total 106496K, used 55969K [0x0000000080000000, 0x0000000100000000)
  region size 1024K, 1 young (1024K), 1 survivors (1024K)
 Metaspace       used 67862K, committed 68416K, reserved 1114112K
  class space    used 8957K, committed 9216K, reserved 1048576K
}
Event: 23.146 GC heap before
{Heap before GC invocations=33 (full 0):
 garbage-first heap   total 106496K, used 82593K [0x0000000080000000, 0x0000000100000000)
  region size 1024K, 27 young (27648K), 1 survivors (1024K)
 Metaspace       used 69165K, committed 69760K, reserved 1114112K
  class space    used 9139K, committed 9408K, reserved 1048576K
}
Event: 23.151 GC heap after
{Heap after GC invocations=34 (full 0):
 garbage-first heap   total 106496K, used 57879K [0x0000000080000000, 0x0000000100000000)
  region size 1024K, 3 young (3072K), 3 survivors (3072K)
 Metaspace       used 69165K, committed 69760K, reserved 1114112K
  class space    used 9139K, committed 9408K, reserved 1048576K
}

