# JRE version: OpenJDK Runtime Environment (17.0.6) (build 17.0.6+0-b2043.56-9586694)
# Java VM: OpenJDK 64-Bit Server VM (17.0.6+0-b2043.56-9586694, mixed mode, tiered, compressed oops, compressed class ptrs, g1 gc, windows-amd64)
GC Precious Log:
 CPUs: 8 total, 8 available
 Memory: 8050M
 Large Page Support: Disabled
 NUMA Support: Disabled
 Compressed Oops: Enabled (32-bit)
 Heap Region Size: 1M
 Heap Min Capacity: 8M
 Heap Initial Capacity: 126M
 Heap Max Capacity: 2G
 Pre-touch: Disabled
 Parallel Workers: 8
 Concurrent Workers: 2
 Concurrent Refinement Workers: 8
 Periodic GC: Disabled
Heap:
 garbage-first heap   total 129024K, used 56402K [0x0000000080000000, 0x0000000100000000)
  region size 1024K, 3 young (3072K), 3 survivors (3072K)
 Metaspace       used 71897K, committed 72384K, reserved 1114112K
  class space    used 9486K, committed 9728K, reserved 1048576K
GC Heap History (20 events):
Event: 16.763 GC heap after
{Heap after GC invocations=19 (full 0):
 garbage-first heap   total 68608K, used 40263K [0x0000000080000000, 0x0000000100000000)
  region size 1024K, 3 young (3072K), 3 survivors (3072K)
 Metaspace       used 57996K, committed 58432K, reserved 1105920K
  class space    used 7619K, committed 7808K, reserved 1048576K
}
Event: 17.120 GC heap before
{Heap before GC invocations=20 (full 0):
 garbage-first heap   total 73728K, used 47431K [0x0000000080000000, 0x0000000100000000)
  region size 1024K, 11 young (11264K), 3 survivors (3072K)
 Metaspace       used 58223K, committed 58688K, reserved 1105920K
  class space    used 7649K, committed 7808K, reserved 1048576K
}
Event: 17.125 GC heap after
{Heap after GC invocations=21 (full 0):
 garbage-first heap   total 73728K, used 41153K [0x0000000080000000, 0x0000000100000000)
  region size 1024K, 1 young (1024K), 1 survivors (1024K)
 Metaspace       used 58223K, committed 58688K, reserved 1105920K
  class space    used 7649K, committed 7808K, reserved 1048576K
}
Event: 17.681 GC heap before
{Heap before GC invocations=22 (full 0):
 garbage-first heap   total 76800K, used 60609K [0x0000000080000000, 0x0000000100000000)
  region size 1024K, 18 young (18432K), 1 survivors (1024K)
 Metaspace       used 59005K, committed 59456K, reserved 1105920K
  class space    used 7770K, committed 7936K, reserved 1048576K
}
Event: 17.686 GC heap after
{Heap after GC invocations=23 (full 0):
 garbage-first heap   total 76800K, used 50019K [0x0000000080000000, 0x0000000100000000)
  region size 1024K, 3 young (3072K), 3 survivors (3072K)
 Metaspace       used 59005K, committed 59456K, reserved 1105920K
  class space    used 7770K, committed 7936K, reserved 1048576K
}
Event: 17.729 GC heap before
{Heap before GC invocations=23 (full 0):
 garbage-first heap   total 76800K, used 51043K [0x0000000080000000, 0x0000000100000000)
  region size 1024K, 4 young (4096K), 3 survivors (3072K)
 Metaspace       used 59174K, committed 59648K, reserved 1105920K
  class space    used 7789K, committed 8000K, reserved 1048576K
}
Event: 17.735 GC heap after
{Heap after GC invocations=24 (full 0):
 garbage-first heap   total 92160K, used 50047K [0x0000000080000000, 0x0000000100000000)
  region size 1024K, 1 young (1024K), 1 survivors (1024K)
 Metaspace       used 59174K, committed 59648K, reserved 1105920K
  class space    used 7789K, committed 8000K, reserved 1048576K
}
Event: 18.421 GC heap before
{Heap before GC invocations=24 (full 0):
 garbage-first heap   total 92160K, used 68479K [0x0000000080000000, 0x0000000100000000)
  region size 1024K, 19 young (19456K), 1 survivors (1024K)
 Metaspace       used 61724K, committed 62208K, reserved 1105920K
  class space    used 8147K, committed 8384K, reserved 1048576K
}
Event: 18.423 GC heap after
{Heap after GC invocations=25 (full 0):
 garbage-first heap   total 92160K, used 50472K [0x0000000080000000, 0x0000000100000000)
  region size 1024K, 1 young (1024K), 1 survivors (1024K)
 Metaspace       used 61724K, committed 62208K, reserved 1105920K
  class space    used 8147K, committed 8384K, reserved 1048576K
}
Event: 19.672 GC heap before
{Heap before GC invocations=26 (full 0):
 garbage-first heap   total 92160K, used 69928K [0x0000000080000000, 0x0000000100000000)
  region size 1024K, 20 young (20480K), 1 survivors (1024K)
 Metaspace       used 65003K, committed 65472K, reserved 1105920K
  class space    used 8548K, committed 8768K, reserved 1048576K
}
Event: 19.676 GC heap after
{Heap after GC invocations=27 (full 0):
 garbage-first heap   total 92160K, used 51191K [0x0000000080000000, 0x0000000100000000)
  region size 1024K, 2 young (2048K), 2 survivors (2048K)
 Metaspace       used 65003K, committed 65472K, reserved 1105920K
  class space    used 8548K, committed 8768K, reserved 1048576K
}
Event: 19.770 GC heap before
{Heap before GC invocations=27 (full 0):
 garbage-first heap   total 92160K, used 52215K [0x0000000080000000, 0x0000000100000000)
  region size 1024K, 4 young (4096K), 2 survivors (2048K)
 Metaspace       used 65109K, committed 65600K, reserved 1105920K
  class space    used 8553K, committed 8768K, reserved 1048576K
}
Event: 19.773 GC heap after
{Heap after GC invocations=28 (full 0):
 garbage-first heap   total 92160K, used 50939K [0x0000000080000000, 0x0000000100000000)
  region size 1024K, 1 young (1024K), 1 survivors (1024K)
 Metaspace       used 65109K, committed 65600K, reserved 1105920K
  class space    used 8553K, committed 8768K, reserved 1048576K
}
Event: 20.493 GC heap before
{Heap before GC invocations=28 (full 0):
 garbage-first heap   total 92160K, used 70395K [0x0000000080000000, 0x0000000100000000)
  region size 1024K, 21 young (21504K), 1 survivors (1024K)
 Metaspace       used 68232K, committed 68800K, reserved 1114112K
  class space    used 9008K, committed 9280K, reserved 1048576K
}
Event: 20.497 GC heap after
{Heap after GC invocations=29 (full 0):
 garbage-first heap   total 92160K, used 52829K [0x0000000080000000, 0x0000000100000000)
  region size 1024K, 3 young (3072K), 3 survivors (3072K)
 Metaspace       used 68232K, committed 68800K, reserved 1114112K
  class space    used 9008K, committed 9280K, reserved 1048576K
}
Event: 20.896 GC heap before
{Heap before GC invocations=30 (full 0):
 garbage-first heap   total 112640K, used 77405K [0x0000000080000000, 0x0000000100000000)
  region size 1024K, 21 young (21504K), 3 survivors (3072K)
 Metaspace       used 69210K, committed 69824K, reserved 1114112K
  class space    used 9139K, committed 9408K, reserved 1048576K
}
Event: 20.902 GC heap after
{Heap after GC invocations=31 (full 0):
 garbage-first heap   total 112640K, used 54721K [0x0000000080000000, 0x0000000100000000)
  region size 1024K, 3 young (3072K), 3 survivors (3072K)
 Metaspace       used 69210K, committed 69824K, reserved 1114112K
  class space    used 9139K, committed 9408K, reserved 1048576K
}
Event: 20.995 GC heap before
{Heap before GC invocations=31 (full 0):
 garbage-first heap   total 112640K, used 55745K [0x0000000080000000, 0x0000000100000000)
  region size 1024K, 5 young (5120K), 3 survivors (3072K)
 Metaspace       used 69483K, committed 70080K, reserved 1114112K
  class space    used 9170K, committed 9408K, reserved 1048576K
}
Event: 21.003 GC heap after
{Heap after GC invocations=32 (full 0):
 garbage-first heap   total 112640K, used 54698K [0x0000000080000000, 0x0000000100000000)
  region size 1024K, 1 young (1024K), 1 survivors (1024K)
 Metaspace       used 69483K, committed 70080K, reserved 1114112K
  class space    used 9170K, committed 9408K, reserved 1048576K
}
Event: 21.744 GC heap before
{Heap before GC invocations=32 (full 0):
 garbage-first heap   total 112640K, used 82346K [0x0000000080000000, 0x0000000100000000)
  region size 1024K, 28 young (28672K), 1 survivors (1024K)
 Metaspace       used 71897K, committed 72384K, reserved 1114112K
  class space    used 9486K, committed 9728K, reserved 1048576K
}

