# JRE version: OpenJDK Runtime Environment (17.0.6) (build 17.0.6+0-b2043.56-9586694)
# Java VM: OpenJDK 64-Bit Server VM (17.0.6+0-b2043.56-9586694, mixed mode, tiered, compressed oops, compressed class ptrs, g1 gc, windows-amd64)
GC Precious Log:
 CPUs: 8 total, 8 available
 Memory: 8050M
 Large Page Support: Disabled
 NUMA Support: Disabled
 Compressed Oops: Enabled (32-bit)
 Heap Region Size: 1M
 Heap Min Capacity: 8M
 Heap Initial Capacity: 126M
 Heap Max Capacity: 2G
 Pre-touch: Disabled
 Parallel Workers: 8
 Concurrent Workers: 2
 Concurrent Refinement Workers: 8
 Periodic GC: Disabled
Heap:
 garbage-first heap   total 116736K, used 88333K [0x0000000080000000, 0x0000000100000000)
  region size 1024K, 3 young (3072K), 2 survivors (2048K)
 Metaspace       used 50773K, committed 51264K, reserved 1097728K
  class space    used 6705K, committed 6912K, reserved 1048576K
GC Heap History (20 events):
Event: 11.053 GC heap before
{Heap before GC invocations=10 (full 0):
 garbage-first heap   total 78848K, used 57160K [0x0000000080000000, 0x0000000100000000)
  region size 1024K, 16 young (16384K), 2 survivors (2048K)
 Metaspace       used 36164K, committed 36544K, reserved 1081344K
  class space    used 5046K, committed 5184K, reserved 1048576K
}
Event: 11.057 GC heap after
{Heap after GC invocations=11 (full 0):
 garbage-first heap   total 78848K, used 44898K [0x0000000080000000, 0x0000000100000000)
  region size 1024K, 2 young (2048K), 2 survivors (2048K)
 Metaspace       used 36164K, committed 36544K, reserved 1081344K
  class space    used 5046K, committed 5184K, reserved 1048576K
}
Event: 11.872 GC heap before
{Heap before GC invocations=11 (full 0):
 garbage-first heap   total 78848K, used 61282K [0x0000000080000000, 0x0000000100000000)
  region size 1024K, 19 young (19456K), 2 survivors (2048K)
 Metaspace       used 41430K, committed 41856K, reserved 1089536K
  class space    used 5545K, committed 5760K, reserved 1048576K
}
Event: 11.877 GC heap after
{Heap after GC invocations=12 (full 0):
 garbage-first heap   total 78848K, used 48376K [0x0000000080000000, 0x0000000100000000)
  region size 1024K, 3 young (3072K), 3 survivors (3072K)
 Metaspace       used 41430K, committed 41856K, reserved 1089536K
  class space    used 5545K, committed 5760K, reserved 1048576K
}
Event: 12.047 GC heap before
{Heap before GC invocations=13 (full 0):
 garbage-first heap   total 83968K, used 62712K [0x0000000080000000, 0x0000000100000000)
  region size 1024K, 17 young (17408K), 3 survivors (3072K)
 Metaspace       used 41665K, committed 42112K, reserved 1089536K
  class space    used 5566K, committed 5760K, reserved 1048576K
}
Event: 12.052 GC heap after
{Heap after GC invocations=14 (full 0):
 garbage-first heap   total 83968K, used 50510K [0x0000000080000000, 0x0000000100000000)
  region size 1024K, 2 young (2048K), 2 survivors (2048K)
 Metaspace       used 41665K, committed 42112K, reserved 1089536K
  class space    used 5566K, committed 5760K, reserved 1048576K
}
Event: 12.258 GC heap before
{Heap before GC invocations=14 (full 0):
 garbage-first heap   total 83968K, used 58702K [0x0000000080000000, 0x0000000100000000)
  region size 1024K, 12 young (12288K), 2 survivors (2048K)
 Metaspace       used 42124K, committed 42560K, reserved 1089536K
  class space    used 5612K, committed 5824K, reserved 1048576K
}
Event: 12.262 GC heap after
{Heap after GC invocations=15 (full 0):
 garbage-first heap   total 83968K, used 51458K [0x0000000080000000, 0x0000000100000000)
  region size 1024K, 2 young (2048K), 2 survivors (2048K)
 Metaspace       used 42124K, committed 42560K, reserved 1089536K
  class space    used 5612K, committed 5824K, reserved 1048576K
}
Event: 12.946 GC heap before
{Heap before GC invocations=16 (full 0):
 garbage-first heap   total 96256K, used 68866K [0x0000000080000000, 0x0000000100000000)
  region size 1024K, 16 young (16384K), 2 survivors (2048K)
 Metaspace       used 44757K, committed 45184K, reserved 1089536K
  class space    used 5902K, committed 6080K, reserved 1048576K
}
Event: 12.951 GC heap after
{Heap after GC invocations=17 (full 0):
 garbage-first heap   total 96256K, used 52283K [0x0000000080000000, 0x0000000100000000)
  region size 1024K, 2 young (2048K), 2 survivors (2048K)
 Metaspace       used 44757K, committed 45184K, reserved 1089536K
  class space    used 5902K, committed 6080K, reserved 1048576K
}
Event: 13.019 GC heap before
{Heap before GC invocations=17 (full 0):
 garbage-first heap   total 96256K, used 54331K [0x0000000080000000, 0x0000000100000000)
  region size 1024K, 4 young (4096K), 2 survivors (2048K)
 Metaspace       used 45000K, committed 45440K, reserved 1089536K
  class space    used 5939K, committed 6144K, reserved 1048576K
}
Event: 13.023 GC heap after
{Heap after GC invocations=18 (full 0):
 garbage-first heap   total 96256K, used 52400K [0x0000000080000000, 0x0000000100000000)
  region size 1024K, 1 young (1024K), 1 survivors (1024K)
 Metaspace       used 45000K, committed 45440K, reserved 1089536K
  class space    used 5939K, committed 6144K, reserved 1048576K
}
Event: 13.565 GC heap before
{Heap before GC invocations=18 (full 0):
 garbage-first heap   total 96256K, used 67760K [0x0000000080000000, 0x0000000100000000)
  region size 1024K, 17 young (17408K), 1 survivors (1024K)
 Metaspace       used 46582K, committed 47040K, reserved 1089536K
  class space    used 6180K, committed 6400K, reserved 1048576K
}
Event: 13.569 GC heap after
{Heap after GC invocations=19 (full 0):
 garbage-first heap   total 115712K, used 54060K [0x0000000080000000, 0x0000000100000000)
  region size 1024K, 2 young (2048K), 2 survivors (2048K)
 Metaspace       used 46582K, committed 47040K, reserved 1089536K
  class space    used 6180K, committed 6400K, reserved 1048576K
}
Event: 14.658 GC heap before
{Heap before GC invocations=20 (full 0):
 garbage-first heap   total 115712K, used 107308K [0x0000000080000000, 0x0000000100000000)
  region size 1024K, 34 young (34816K), 2 survivors (2048K)
 Metaspace       used 49145K, committed 49536K, reserved 1097728K
  class space    used 6418K, committed 6592K, reserved 1048576K
}
Event: 14.669 GC heap after
{Heap after GC invocations=21 (full 0):
 garbage-first heap   total 116736K, used 80074K [0x0000000080000000, 0x0000000100000000)
  region size 1024K, 5 young (5120K), 5 survivors (5120K)
 Metaspace       used 49145K, committed 49536K, reserved 1097728K
  class space    used 6418K, committed 6592K, reserved 1048576K
}
Event: 14.712 GC heap before
{Heap before GC invocations=21 (full 0):
 garbage-first heap   total 116736K, used 81098K [0x0000000080000000, 0x0000000100000000)
  region size 1024K, 6 young (6144K), 5 survivors (5120K)
 Metaspace       used 49250K, committed 49728K, reserved 1097728K
  class space    used 6446K, committed 6656K, reserved 1048576K
}
Event: 14.719 GC heap after
{Heap after GC invocations=22 (full 0):
 garbage-first heap   total 116736K, used 80199K [0x0000000080000000, 0x0000000100000000)
  region size 1024K, 1 young (1024K), 1 survivors (1024K)
 Metaspace       used 49250K, committed 49728K, reserved 1097728K
  class space    used 6446K, committed 6656K, reserved 1048576K
}
Event: 15.320 GC heap before
{Heap before GC invocations=22 (full 0):
 garbage-first heap   total 116736K, used 93511K [0x0000000080000000, 0x0000000100000000)
  region size 1024K, 16 young (16384K), 1 survivors (1024K)
 Metaspace       used 50773K, committed 51264K, reserved 1097728K
  class space    used 6705K, committed 6912K, reserved 1048576K
}
Event: 15.324 GC heap after
{Heap after GC invocations=23 (full 0):
 garbage-first heap   total 116736K, used 81165K [0x0000000080000000, 0x0000000100000000)
  region size 1024K, 2 young (2048K), 2 survivors (2048K)
 Metaspace       used 50773K, committed 51264K, reserved 1097728K
  class space    used 6705K, committed 6912K, reserved 1048576K
}

